[0.542s] Invoking command in '/home/praveen/ros2_ws/build/hello': PYTHONPATH=/home/praveen/ros2_ws/build/hello/prefix_override:/home/praveen/ros2_ws/install/hello/lib/python3.10/site-packages:${PYTHONPATH} /usr/bin/python3 setup.py develop --editable --build-directory /home/praveen/ros2_ws/build/hello/build --no-deps install_data
[0.739s] running develop
[0.856s] running egg_info
[0.856s] writing hello.egg-info/PKG-INFO
[0.856s] writing dependency_links to hello.egg-info/dependency_links.txt
[0.856s] writing entry points to hello.egg-info/entry_points.txt
[0.856s] writing requirements to hello.egg-info/requires.txt
[0.856s] writing top-level names to hello.egg-info/top_level.txt
[0.857s] reading manifest file 'hello.egg-info/SOURCES.txt'
[0.858s] writing manifest file 'hello.egg-info/SOURCES.txt'
[0.859s] running build_ext
[0.859s] Creating /home/praveen/ros2_ws/install/hello/lib/python3.10/site-packages/hello.egg-link (link to .)
[0.859s] Installing box_turtle script to /home/praveen/ros2_ws/install/hello/lib/hello
[0.860s] Installing go_to_goal script to /home/praveen/ros2_ws/install/hello/lib/hello
[0.860s] Installing hello_node script to /home/praveen/ros2_ws/install/hello/lib/hello
[0.860s] Installing make_circle script to /home/praveen/ros2_ws/install/hello/lib/hello
[0.860s] 
[0.860s] Installed /home/praveen/ros2_ws/build/hello
[0.860s] running install_data
[0.879s] Invoked command in '/home/praveen/ros2_ws/build/hello' returned '0': PYTHONPATH=/home/praveen/ros2_ws/build/hello/prefix_override:/home/praveen/ros2_ws/install/hello/lib/python3.10/site-packages:${PYTHONPATH} /usr/bin/python3 setup.py develop --editable --build-directory /home/praveen/ros2_ws/build/hello/build --no-deps install_data
