[0.635s] Invoking command in '/home/praveen/ros2_ws/build/hello': PYTHONPATH=/home/praveen/ros2_ws/build/hello/prefix_override:/home/praveen/ros2_ws/install/hello/lib/python3.10/site-packages:${PYTHONPATH} /usr/bin/python3 setup.py develop --editable --build-directory /home/praveen/ros2_ws/build/hello/build --no-deps install_data
[0.839s] running develop
[0.967s] running egg_info
[0.967s] writing hello.egg-info/PKG-INFO
[0.967s] writing dependency_links to hello.egg-info/dependency_links.txt
[0.967s] writing entry points to hello.egg-info/entry_points.txt
[0.967s] writing requirements to hello.egg-info/requires.txt
[0.967s] writing top-level names to hello.egg-info/top_level.txt
[0.969s] reading manifest file 'hello.egg-info/SOURCES.txt'
[0.977s] writing manifest file 'hello.egg-info/SOURCES.txt'
[0.978s] running build_ext
[0.978s] Creating /home/praveen/ros2_ws/install/hello/lib/python3.10/site-packages/hello.egg-link (link to .)
[0.979s] Installing box_turtle script to /home/praveen/ros2_ws/install/hello/lib/hello
[0.979s] Installing go_to_goal script to /home/praveen/ros2_ws/install/hello/lib/hello
[0.979s] Installing hello_node script to /home/praveen/ros2_ws/install/hello/lib/hello
[0.979s] Installing make_circle script to /home/praveen/ros2_ws/install/hello/lib/hello
[0.979s] Installing pen script to /home/praveen/ros2_ws/install/hello/lib/hello
[0.979s] Installing rec_turtle script to /home/praveen/ros2_ws/install/hello/lib/hello
[0.979s] Installing singel_sub script to /home/praveen/ros2_ws/install/hello/lib/hello
[0.980s] 
[0.980s] Installed /home/praveen/ros2_ws/build/hello
[0.980s] running install_data
[0.980s] copying package.xml -> /home/praveen/ros2_ws/install/hello/share/hello
[1.005s] Invoked command in '/home/praveen/ros2_ws/build/hello' returned '0': PYTHONPATH=/home/praveen/ros2_ws/build/hello/prefix_override:/home/praveen/ros2_ws/install/hello/lib/python3.10/site-packages:${PYTHONPATH} /usr/bin/python3 setup.py develop --editable --build-directory /home/praveen/ros2_ws/build/hello/build --no-deps install_data
