running develop
Removing /home/praveen/ros2_ws/install/hello/lib/python3.10/site-packages/hello.egg-link (link to .)
running egg_info
writing ../../build/hello/hello.egg-info/PKG-INFO
writing dependency_links to ../../build/hello/hello.egg-info/dependency_links.txt
writing entry points to ../../build/hello/hello.egg-info/entry_points.txt
writing requirements to ../../build/hello/hello.egg-info/requires.txt
writing top-level names to ../../build/hello/hello.egg-info/top_level.txt
reading manifest file '../../build/hello/hello.egg-info/SOURCES.txt'
writing manifest file '../../build/hello/hello.egg-info/SOURCES.txt'
running build
running build_py
creating /home/praveen/ros2_ws/build/hello/build
creating /home/praveen/ros2_ws/build/hello/build/lib
creating /home/praveen/ros2_ws/build/hello/build/lib/hello
copying hello/__init__.py -> /home/praveen/ros2_ws/build/hello/build/lib/hello
copying hello/hello_world.py -> /home/praveen/ros2_ws/build/hello/build/lib/hello
running install
running install_lib
creating /home/praveen/ros2_ws/install/hello/lib/python3.10/site-packages/hello
copying /home/praveen/ros2_ws/build/hello/build/lib/hello/__init__.py -> /home/praveen/ros2_ws/install/hello/lib/python3.10/site-packages/hello
copying /home/praveen/ros2_ws/build/hello/build/lib/hello/hello_world.py -> /home/praveen/ros2_ws/install/hello/lib/python3.10/site-packages/hello
byte-compiling /home/praveen/ros2_ws/install/hello/lib/python3.10/site-packages/hello/__init__.py to __init__.cpython-310.pyc
byte-compiling /home/praveen/ros2_ws/install/hello/lib/python3.10/site-packages/hello/hello_world.py to hello_world.cpython-310.pyc
running install_data
running install_egg_info
Copying ../../build/hello/hello.egg-info to /home/praveen/ros2_ws/install/hello/lib/python3.10/site-packages/hello-0.0.0-py3.10.egg-info
running install_scripts
Installing hello_node script to /home/praveen/ros2_ws/install/hello/lib/hello
writing list of installed files to '/home/praveen/ros2_ws/build/hello/install.log'
