[0.533s] Invoking command in '/home/praveen/ros2_ws/build/hello': PYTHONPATH=/home/praveen/ros2_ws/build/hello/prefix_override:/home/praveen/ros2_ws/install/hello/lib/python3.10/site-packages:${PYTHONPATH} /usr/bin/python3 setup.py develop --editable --build-directory /home/praveen/ros2_ws/build/hello/build --no-deps install_data
[0.722s] running develop
[0.838s] running egg_info
[0.838s] writing hello.egg-info/PKG-INFO
[0.838s] writing dependency_links to hello.egg-info/dependency_links.txt
[0.838s] writing entry points to hello.egg-info/entry_points.txt
[0.838s] writing requirements to hello.egg-info/requires.txt
[0.838s] writing top-level names to hello.egg-info/top_level.txt
[0.840s] reading manifest file 'hello.egg-info/SOURCES.txt'
[0.840s] writing manifest file 'hello.egg-info/SOURCES.txt'
[0.841s] running build_ext
[0.841s] Creating /home/praveen/ros2_ws/install/hello/lib/python3.10/site-packages/hello.egg-link (link to .)
[0.842s] Installing box_turtle script to /home/praveen/ros2_ws/install/hello/lib/hello
[0.842s] Installing go_to_goal script to /home/praveen/ros2_ws/install/hello/lib/hello
[0.842s] Installing hello_node script to /home/praveen/ros2_ws/install/hello/lib/hello
[0.842s] Installing make_circle script to /home/praveen/ros2_ws/install/hello/lib/hello
[0.842s] Installing rec_turtle script to /home/praveen/ros2_ws/install/hello/lib/hello
[0.842s] 
[0.842s] Installed /home/praveen/ros2_ws/build/hello
[0.842s] running install_data
[0.865s] Invoked command in '/home/praveen/ros2_ws/build/hello' returned '0': PYTHONPATH=/home/praveen/ros2_ws/build/hello/prefix_override:/home/praveen/ros2_ws/install/hello/lib/python3.10/site-packages:${PYTHONPATH} /usr/bin/python3 setup.py develop --editable --build-directory /home/praveen/ros2_ws/build/hello/build --no-deps install_data
