running develop
running egg_info
creating hello.egg-info
writing hello.egg-info/PKG-INFO
writing dependency_links to hello.egg-info/dependency_links.txt
writing entry points to hello.egg-info/entry_points.txt
writing requirements to hello.egg-info/requires.txt
writing top-level names to hello.egg-info/top_level.txt
writing manifest file 'hello.egg-info/SOURCES.txt'
reading manifest file 'hello.egg-info/SOURCES.txt'
writing manifest file 'hello.egg-info/SOURCES.txt'
running build_ext
Creating /home/praveen/ros2_ws/install/hello/lib/python3.10/site-packages/hello.egg-link (link to .)
Installing hello_node script to /home/praveen/ros2_ws/install/hello/lib/hello

Installed /home/praveen/ros2_ws/build/hello
running install_data
creating /home/praveen/ros2_ws/install/hello/share/ament_index
creating /home/praveen/ros2_ws/install/hello/share/ament_index/resource_index
creating /home/praveen/ros2_ws/install/hello/share/ament_index/resource_index/packages
copying resource/hello -> /home/praveen/ros2_ws/install/hello/share/ament_index/resource_index/packages
copying package.xml -> /home/praveen/ros2_ws/install/hello/share/hello
